

Started GET "/" for 127.0.0.1 at 2014-09-22 12:11:14 -0500

ActiveRecord::PendingMigrationError (Migrations are pending; run 'bin/rake db:migrate RAILS_ENV=development' to resolve this issue.):
  activerecord (4.0.1) lib/active_record/migration.rb:379:in `check_pending!'
  activerecord (4.0.1) lib/active_record/migration.rb:366:in `call'
  actionpack (4.0.1) lib/action_dispatch/middleware/callbacks.rb:29:in `block in call'
  activesupport (4.0.1) lib/active_support/callbacks.rb:373:in `_run__702555771334243839__call__callbacks'
  activesupport (4.0.1) lib/active_support/callbacks.rb:80:in `run_callbacks'
  actionpack (4.0.1) lib/action_dispatch/middleware/callbacks.rb:27:in `call'
  actionpack (4.0.1) lib/action_dispatch/middleware/reloader.rb:64:in `call'
  actionpack (4.0.1) lib/action_dispatch/middleware/remote_ip.rb:76:in `call'
  actionpack (4.0.1) lib/action_dispatch/middleware/debug_exceptions.rb:17:in `call'
  actionpack (4.0.1) lib/action_dispatch/middleware/show_exceptions.rb:30:in `call'
  railties (4.0.1) lib/rails/rack/logger.rb:38:in `call_app'
  railties (4.0.1) lib/rails/rack/logger.rb:20:in `block in call'
  activesupport (4.0.1) lib/active_support/tagged_logging.rb:67:in `block in tagged'
  activesupport (4.0.1) lib/active_support/tagged_logging.rb:25:in `tagged'
  activesupport (4.0.1) lib/active_support/tagged_logging.rb:67:in `tagged'
  railties (4.0.1) lib/rails/rack/logger.rb:20:in `call'
  actionpack (4.0.1) lib/action_dispatch/middleware/request_id.rb:21:in `call'
  rack (1.5.2) lib/rack/methodoverride.rb:21:in `call'
  rack (1.5.2) lib/rack/runtime.rb:17:in `call'
  activesupport (4.0.1) lib/active_support/cache/strategy/local_cache.rb:83:in `call'
  rack (1.5.2) lib/rack/lock.rb:17:in `call'
  actionpack (4.0.1) lib/action_dispatch/middleware/static.rb:64:in `call'
  rack (1.5.2) lib/rack/sendfile.rb:112:in `call'
  railties (4.0.1) lib/rails/engine.rb:511:in `call'
  railties (4.0.1) lib/rails/application.rb:97:in `call'
  rack (1.5.2) lib/rack/lock.rb:17:in `call'
  rack (1.5.2) lib/rack/content_length.rb:14:in `call'
  rack (1.5.2) lib/rack/handler/webrick.rb:60:in `service'
  /Users/luismendoza/.rbenv/versions/2.1.2/lib/ruby/2.1.0/webrick/httpserver.rb:138:in `service'
  /Users/luismendoza/.rbenv/versions/2.1.2/lib/ruby/2.1.0/webrick/httpserver.rb:94:in `run'
  /Users/luismendoza/.rbenv/versions/2.1.2/lib/ruby/2.1.0/webrick/server.rb:295:in `block in start_thread'


  Rendered /Users/luismendoza/.rbenv/versions/2.1.2/lib/ruby/gems/2.1.0/gems/actionpack-4.0.1/lib/action_dispatch/middleware/templates/rescues/_source.erb (0.4ms)
  Rendered /Users/luismendoza/.rbenv/versions/2.1.2/lib/ruby/gems/2.1.0/gems/actionpack-4.0.1/lib/action_dispatch/middleware/templates/rescues/_trace.erb (0.7ms)
  Rendered /Users/luismendoza/.rbenv/versions/2.1.2/lib/ruby/gems/2.1.0/gems/actionpack-4.0.1/lib/action_dispatch/middleware/templates/rescues/_request_and_response.erb (0.7ms)
  Rendered /Users/luismendoza/.rbenv/versions/2.1.2/lib/ruby/gems/2.1.0/gems/actionpack-4.0.1/lib/action_dispatch/middleware/templates/rescues/diagnostics.erb within rescues/layout (13.5ms)


Started GET "/" for 127.0.0.1 at 2014-09-22 12:18:55 -0500

ActiveRecord::PendingMigrationError (Migrations are pending; run 'bin/rake db:migrate RAILS_ENV=development' to resolve this issue.):
  activerecord (4.0.1) lib/active_record/migration.rb:379:in `check_pending!'
  activerecord (4.0.1) lib/active_record/migration.rb:366:in `call'
  actionpack (4.0.1) lib/action_dispatch/middleware/callbacks.rb:29:in `block in call'
  activesupport (4.0.1) lib/active_support/callbacks.rb:373:in `_run__702555771334243839__call__callbacks'
  activesupport (4.0.1) lib/active_support/callbacks.rb:80:in `run_callbacks'
  actionpack (4.0.1) lib/action_dispatch/middleware/callbacks.rb:27:in `call'
  actionpack (4.0.1) lib/action_dispatch/middleware/reloader.rb:64:in `call'
  actionpack (4.0.1) lib/action_dispatch/middleware/remote_ip.rb:76:in `call'
  actionpack (4.0.1) lib/action_dispatch/middleware/debug_exceptions.rb:17:in `call'
  actionpack (4.0.1) lib/action_dispatch/middleware/show_exceptions.rb:30:in `call'
  railties (4.0.1) lib/rails/rack/logger.rb:38:in `call_app'
  railties (4.0.1) lib/rails/rack/logger.rb:20:in `block in call'
  activesupport (4.0.1) lib/active_support/tagged_logging.rb:67:in `block in tagged'
  activesupport (4.0.1) lib/active_support/tagged_logging.rb:25:in `tagged'
  activesupport (4.0.1) lib/active_support/tagged_logging.rb:67:in `tagged'
  railties (4.0.1) lib/rails/rack/logger.rb:20:in `call'
  actionpack (4.0.1) lib/action_dispatch/middleware/request_id.rb:21:in `call'
  rack (1.5.2) lib/rack/methodoverride.rb:21:in `call'
  rack (1.5.2) lib/rack/runtime.rb:17:in `call'
  activesupport (4.0.1) lib/active_support/cache/strategy/local_cache.rb:83:in `call'
  rack (1.5.2) lib/rack/lock.rb:17:in `call'
  actionpack (4.0.1) lib/action_dispatch/middleware/static.rb:64:in `call'
  rack (1.5.2) lib/rack/sendfile.rb:112:in `call'
  railties (4.0.1) lib/rails/engine.rb:511:in `call'
  railties (4.0.1) lib/rails/application.rb:97:in `call'
  rack (1.5.2) lib/rack/lock.rb:17:in `call'
  rack (1.5.2) lib/rack/content_length.rb:14:in `call'
  rack (1.5.2) lib/rack/handler/webrick.rb:60:in `service'
  /Users/luismendoza/.rbenv/versions/2.1.2/lib/ruby/2.1.0/webrick/httpserver.rb:138:in `service'
  /Users/luismendoza/.rbenv/versions/2.1.2/lib/ruby/2.1.0/webrick/httpserver.rb:94:in `run'
  /Users/luismendoza/.rbenv/versions/2.1.2/lib/ruby/2.1.0/webrick/server.rb:295:in `block in start_thread'


  Rendered /Users/luismendoza/.rbenv/versions/2.1.2/lib/ruby/gems/2.1.0/gems/actionpack-4.0.1/lib/action_dispatch/middleware/templates/rescues/_source.erb (0.4ms)
  Rendered /Users/luismendoza/.rbenv/versions/2.1.2/lib/ruby/gems/2.1.0/gems/actionpack-4.0.1/lib/action_dispatch/middleware/templates/rescues/_trace.erb (1.1ms)
  Rendered /Users/luismendoza/.rbenv/versions/2.1.2/lib/ruby/gems/2.1.0/gems/actionpack-4.0.1/lib/action_dispatch/middleware/templates/rescues/_request_and_response.erb (0.7ms)
  Rendered /Users/luismendoza/.rbenv/versions/2.1.2/lib/ruby/gems/2.1.0/gems/actionpack-4.0.1/lib/action_dispatch/middleware/templates/rescues/diagnostics.erb within rescues/layout (11.2ms)


Started GET "/" for 127.0.0.1 at 2014-09-22 12:18:56 -0500

ActiveRecord::PendingMigrationError (Migrations are pending; run 'bin/rake db:migrate RAILS_ENV=development' to resolve this issue.):
  activerecord (4.0.1) lib/active_record/migration.rb:379:in `check_pending!'
  activerecord (4.0.1) lib/active_record/migration.rb:366:in `call'
  actionpack (4.0.1) lib/action_dispatch/middleware/callbacks.rb:29:in `block in call'
  activesupport (4.0.1) lib/active_support/callbacks.rb:373:in `_run__702555771334243839__call__callbacks'
  activesupport (4.0.1) lib/active_support/callbacks.rb:80:in `run_callbacks'
  actionpack (4.0.1) lib/action_dispatch/middleware/callbacks.rb:27:in `call'
  actionpack (4.0.1) lib/action_dispatch/middleware/reloader.rb:64:in `call'
  actionpack (4.0.1) lib/action_dispatch/middleware/remote_ip.rb:76:in `call'
  actionpack (4.0.1) lib/action_dispatch/middleware/debug_exceptions.rb:17:in `call'
  actionpack (4.0.1) lib/action_dispatch/middleware/show_exceptions.rb:30:in `call'
  railties (4.0.1) lib/rails/rack/logger.rb:38:in `call_app'
  railties (4.0.1) lib/rails/rack/logger.rb:20:in `block in call'
  activesupport (4.0.1) lib/active_support/tagged_logging.rb:67:in `block in tagged'
  activesupport (4.0.1) lib/active_support/tagged_logging.rb:25:in `tagged'
  activesupport (4.0.1) lib/active_support/tagged_logging.rb:67:in `tagged'
  railties (4.0.1) lib/rails/rack/logger.rb:20:in `call'
  actionpack (4.0.1) lib/action_dispatch/middleware/request_id.rb:21:in `call'
  rack (1.5.2) lib/rack/methodoverride.rb:21:in `call'
  rack (1.5.2) lib/rack/runtime.rb:17:in `call'
  activesupport (4.0.1) lib/active_support/cache/strategy/local_cache.rb:83:in `call'
  rack (1.5.2) lib/rack/lock.rb:17:in `call'
  actionpack (4.0.1) lib/action_dispatch/middleware/static.rb:64:in `call'
  rack (1.5.2) lib/rack/sendfile.rb:112:in `call'
  railties (4.0.1) lib/rails/engine.rb:511:in `call'
  railties (4.0.1) lib/rails/application.rb:97:in `call'
  rack (1.5.2) lib/rack/lock.rb:17:in `call'
  rack (1.5.2) lib/rack/content_length.rb:14:in `call'
  rack (1.5.2) lib/rack/handler/webrick.rb:60:in `service'
  /Users/luismendoza/.rbenv/versions/2.1.2/lib/ruby/2.1.0/webrick/httpserver.rb:138:in `service'
  /Users/luismendoza/.rbenv/versions/2.1.2/lib/ruby/2.1.0/webrick/httpserver.rb:94:in `run'
  /Users/luismendoza/.rbenv/versions/2.1.2/lib/ruby/2.1.0/webrick/server.rb:295:in `block in start_thread'


  Rendered /Users/luismendoza/.rbenv/versions/2.1.2/lib/ruby/gems/2.1.0/gems/actionpack-4.0.1/lib/action_dispatch/middleware/templates/rescues/_source.erb (0.4ms)
  Rendered /Users/luismendoza/.rbenv/versions/2.1.2/lib/ruby/gems/2.1.0/gems/actionpack-4.0.1/lib/action_dispatch/middleware/templates/rescues/_trace.erb (0.8ms)
  Rendered /Users/luismendoza/.rbenv/versions/2.1.2/lib/ruby/gems/2.1.0/gems/actionpack-4.0.1/lib/action_dispatch/middleware/templates/rescues/_request_and_response.erb (0.6ms)
  Rendered /Users/luismendoza/.rbenv/versions/2.1.2/lib/ruby/gems/2.1.0/gems/actionpack-4.0.1/lib/action_dispatch/middleware/templates/rescues/diagnostics.erb within rescues/layout (10.6ms)


Started GET "/" for 127.0.0.1 at 2014-09-22 12:30:07 -0500

ActiveRecord::PendingMigrationError (Migrations are pending; run 'bin/rake db:migrate RAILS_ENV=development' to resolve this issue.):
  activerecord (4.0.1) lib/active_record/migration.rb:379:in `check_pending!'
  activerecord (4.0.1) lib/active_record/migration.rb:366:in `call'
  actionpack (4.0.1) lib/action_dispatch/middleware/callbacks.rb:29:in `block in call'
  activesupport (4.0.1) lib/active_support/callbacks.rb:373:in `_run__2930551645442520743__call__callbacks'
  activesupport (4.0.1) lib/active_support/callbacks.rb:80:in `run_callbacks'
  actionpack (4.0.1) lib/action_dispatch/middleware/callbacks.rb:27:in `call'
  actionpack (4.0.1) lib/action_dispatch/middleware/reloader.rb:64:in `call'
  actionpack (4.0.1) lib/action_dispatch/middleware/remote_ip.rb:76:in `call'
  actionpack (4.0.1) lib/action_dispatch/middleware/debug_exceptions.rb:17:in `call'
  actionpack (4.0.1) lib/action_dispatch/middleware/show_exceptions.rb:30:in `call'
  railties (4.0.1) lib/rails/rack/logger.rb:38:in `call_app'
  railties (4.0.1) lib/rails/rack/logger.rb:20:in `block in call'
  activesupport (4.0.1) lib/active_support/tagged_logging.rb:67:in `block in tagged'
  activesupport (4.0.1) lib/active_support/tagged_logging.rb:25:in `tagged'
  activesupport (4.0.1) lib/active_support/tagged_logging.rb:67:in `tagged'
  railties (4.0.1) lib/rails/rack/logger.rb:20:in `call'
  actionpack (4.0.1) lib/action_dispatch/middleware/request_id.rb:21:in `call'
  rack (1.5.2) lib/rack/methodoverride.rb:21:in `call'
  rack (1.5.2) lib/rack/runtime.rb:17:in `call'
  activesupport (4.0.1) lib/active_support/cache/strategy/local_cache.rb:83:in `call'
  rack (1.5.2) lib/rack/lock.rb:17:in `call'
  actionpack (4.0.1) lib/action_dispatch/middleware/static.rb:64:in `call'
  rack (1.5.2) lib/rack/sendfile.rb:112:in `call'
  railties (4.0.1) lib/rails/engine.rb:511:in `call'
  railties (4.0.1) lib/rails/application.rb:97:in `call'
  rack (1.5.2) lib/rack/lock.rb:17:in `call'
  rack (1.5.2) lib/rack/content_length.rb:14:in `call'
  rack (1.5.2) lib/rack/handler/webrick.rb:60:in `service'
  /Users/luismendoza/.rbenv/versions/2.1.2/lib/ruby/2.1.0/webrick/httpserver.rb:138:in `service'
  /Users/luismendoza/.rbenv/versions/2.1.2/lib/ruby/2.1.0/webrick/httpserver.rb:94:in `run'
  /Users/luismendoza/.rbenv/versions/2.1.2/lib/ruby/2.1.0/webrick/server.rb:295:in `block in start_thread'


  Rendered /Users/luismendoza/.rbenv/versions/2.1.2/lib/ruby/gems/2.1.0/gems/actionpack-4.0.1/lib/action_dispatch/middleware/templates/rescues/_source.erb (0.4ms)
  Rendered /Users/luismendoza/.rbenv/versions/2.1.2/lib/ruby/gems/2.1.0/gems/actionpack-4.0.1/lib/action_dispatch/middleware/templates/rescues/_trace.erb (0.7ms)
  Rendered /Users/luismendoza/.rbenv/versions/2.1.2/lib/ruby/gems/2.1.0/gems/actionpack-4.0.1/lib/action_dispatch/middleware/templates/rescues/_request_and_response.erb (0.6ms)
  Rendered /Users/luismendoza/.rbenv/versions/2.1.2/lib/ruby/gems/2.1.0/gems/actionpack-4.0.1/lib/action_dispatch/middleware/templates/rescues/diagnostics.erb within rescues/layout (12.3ms)


Started GET "/" for 127.0.0.1 at 2014-09-22 12:30:08 -0500

ActiveRecord::PendingMigrationError (Migrations are pending; run 'bin/rake db:migrate RAILS_ENV=development' to resolve this issue.):
  activerecord (4.0.1) lib/active_record/migration.rb:379:in `check_pending!'
  activerecord (4.0.1) lib/active_record/migration.rb:366:in `call'
  actionpack (4.0.1) lib/action_dispatch/middleware/callbacks.rb:29:in `block in call'
  activesupport (4.0.1) lib/active_support/callbacks.rb:373:in `_run__2930551645442520743__call__callbacks'
  activesupport (4.0.1) lib/active_support/callbacks.rb:80:in `run_callbacks'
  actionpack (4.0.1) lib/action_dispatch/middleware/callbacks.rb:27:in `call'
  actionpack (4.0.1) lib/action_dispatch/middleware/reloader.rb:64:in `call'
  actionpack (4.0.1) lib/action_dispatch/middleware/remote_ip.rb:76:in `call'
  actionpack (4.0.1) lib/action_dispatch/middleware/debug_exceptions.rb:17:in `call'
  actionpack (4.0.1) lib/action_dispatch/middleware/show_exceptions.rb:30:in `call'
  railties (4.0.1) lib/rails/rack/logger.rb:38:in `call_app'
  railties (4.0.1) lib/rails/rack/logger.rb:20:in `block in call'
  activesupport (4.0.1) lib/active_support/tagged_logging.rb:67:in `block in tagged'
  activesupport (4.0.1) lib/active_support/tagged_logging.rb:25:in `tagged'
  activesupport (4.0.1) lib/active_support/tagged_logging.rb:67:in `tagged'
  railties (4.0.1) lib/rails/rack/logger.rb:20:in `call'
  actionpack (4.0.1) lib/action_dispatch/middleware/request_id.rb:21:in `call'
  rack (1.5.2) lib/rack/methodoverride.rb:21:in `call'
  rack (1.5.2) lib/rack/runtime.rb:17:in `call'
  activesupport (4.0.1) lib/active_support/cache/strategy/local_cache.rb:83:in `call'
  rack (1.5.2) lib/rack/lock.rb:17:in `call'
  actionpack (4.0.1) lib/action_dispatch/middleware/static.rb:64:in `call'
  rack (1.5.2) lib/rack/sendfile.rb:112:in `call'
  railties (4.0.1) lib/rails/engine.rb:511:in `call'
  railties (4.0.1) lib/rails/application.rb:97:in `call'
  rack (1.5.2) lib/rack/lock.rb:17:in `call'
  rack (1.5.2) lib/rack/content_length.rb:14:in `call'
  rack (1.5.2) lib/rack/handler/webrick.rb:60:in `service'
  /Users/luismendoza/.rbenv/versions/2.1.2/lib/ruby/2.1.0/webrick/httpserver.rb:138:in `service'
  /Users/luismendoza/.rbenv/versions/2.1.2/lib/ruby/2.1.0/webrick/httpserver.rb:94:in `run'
  /Users/luismendoza/.rbenv/versions/2.1.2/lib/ruby/2.1.0/webrick/server.rb:295:in `block in start_thread'


  Rendered /Users/luismendoza/.rbenv/versions/2.1.2/lib/ruby/gems/2.1.0/gems/actionpack-4.0.1/lib/action_dispatch/middleware/templates/rescues/_source.erb (0.3ms)
  Rendered /Users/luismendoza/.rbenv/versions/2.1.2/lib/ruby/gems/2.1.0/gems/actionpack-4.0.1/lib/action_dispatch/middleware/templates/rescues/_trace.erb (0.7ms)
  Rendered /Users/luismendoza/.rbenv/versions/2.1.2/lib/ruby/gems/2.1.0/gems/actionpack-4.0.1/lib/action_dispatch/middleware/templates/rescues/_request_and_response.erb (0.7ms)
  Rendered /Users/luismendoza/.rbenv/versions/2.1.2/lib/ruby/gems/2.1.0/gems/actionpack-4.0.1/lib/action_dispatch/middleware/templates/rescues/diagnostics.erb within rescues/layout (10.5ms)


Started GET "/" for 127.0.0.1 at 2014-09-22 12:30:09 -0500

ActiveRecord::PendingMigrationError (Migrations are pending; run 'bin/rake db:migrate RAILS_ENV=development' to resolve this issue.):
  activerecord (4.0.1) lib/active_record/migration.rb:379:in `check_pending!'
  activerecord (4.0.1) lib/active_record/migration.rb:366:in `call'
  actionpack (4.0.1) lib/action_dispatch/middleware/callbacks.rb:29:in `block in call'
  activesupport (4.0.1) lib/active_support/callbacks.rb:373:in `_run__2930551645442520743__call__callbacks'
  activesupport (4.0.1) lib/active_support/callbacks.rb:80:in `run_callbacks'
  actionpack (4.0.1) lib/action_dispatch/middleware/callbacks.rb:27:in `call'
  actionpack (4.0.1) lib/action_dispatch/middleware/reloader.rb:64:in `call'
  actionpack (4.0.1) lib/action_dispatch/middleware/remote_ip.rb:76:in `call'
  actionpack (4.0.1) lib/action_dispatch/middleware/debug_exceptions.rb:17:in `call'
  actionpack (4.0.1) lib/action_dispatch/middleware/show_exceptions.rb:30:in `call'
  railties (4.0.1) lib/rails/rack/logger.rb:38:in `call_app'
  railties (4.0.1) lib/rails/rack/logger.rb:20:in `block in call'
  activesupport (4.0.1) lib/active_support/tagged_logging.rb:67:in `block in tagged'
  activesupport (4.0.1) lib/active_support/tagged_logging.rb:25:in `tagged'
  activesupport (4.0.1) lib/active_support/tagged_logging.rb:67:in `tagged'
  railties (4.0.1) lib/rails/rack/logger.rb:20:in `call'
  actionpack (4.0.1) lib/action_dispatch/middleware/request_id.rb:21:in `call'
  rack (1.5.2) lib/rack/methodoverride.rb:21:in `call'
  rack (1.5.2) lib/rack/runtime.rb:17:in `call'
  activesupport (4.0.1) lib/active_support/cache/strategy/local_cache.rb:83:in `call'
  rack (1.5.2) lib/rack/lock.rb:17:in `call'
  actionpack (4.0.1) lib/action_dispatch/middleware/static.rb:64:in `call'
  rack (1.5.2) lib/rack/sendfile.rb:112:in `call'
  railties (4.0.1) lib/rails/engine.rb:511:in `call'
  railties (4.0.1) lib/rails/application.rb:97:in `call'
  rack (1.5.2) lib/rack/lock.rb:17:in `call'
  rack (1.5.2) lib/rack/content_length.rb:14:in `call'
  rack (1.5.2) lib/rack/handler/webrick.rb:60:in `service'
  /Users/luismendoza/.rbenv/versions/2.1.2/lib/ruby/2.1.0/webrick/httpserver.rb:138:in `service'
  /Users/luismendoza/.rbenv/versions/2.1.2/lib/ruby/2.1.0/webrick/httpserver.rb:94:in `run'
  /Users/luismendoza/.rbenv/versions/2.1.2/lib/ruby/2.1.0/webrick/server.rb:295:in `block in start_thread'


  Rendered /Users/luismendoza/.rbenv/versions/2.1.2/lib/ruby/gems/2.1.0/gems/actionpack-4.0.1/lib/action_dispatch/middleware/templates/rescues/_source.erb (0.4ms)
  Rendered /Users/luismendoza/.rbenv/versions/2.1.2/lib/ruby/gems/2.1.0/gems/actionpack-4.0.1/lib/action_dispatch/middleware/templates/rescues/_trace.erb (0.8ms)
  Rendered /Users/luismendoza/.rbenv/versions/2.1.2/lib/ruby/gems/2.1.0/gems/actionpack-4.0.1/lib/action_dispatch/middleware/templates/rescues/_request_and_response.erb (0.6ms)
  Rendered /Users/luismendoza/.rbenv/versions/2.1.2/lib/ruby/gems/2.1.0/gems/actionpack-4.0.1/lib/action_dispatch/middleware/templates/rescues/diagnostics.erb within rescues/layout (10.8ms)
  [1m[36m (1.3ms)[0m  [1mCREATE TABLE "schema_migrations" ("version" varchar(255) NOT NULL) [0m
  [1m[35m (1.1ms)[0m  CREATE UNIQUE INDEX "unique_schema_migrations" ON "schema_migrations" ("version")
  [1m[36mActiveRecord::SchemaMigration Load (0.1ms)[0m  [1mSELECT "schema_migrations".* FROM "schema_migrations"[0m
Migrating to CreateTodoLists (20131204224505)
  [1m[35m (0.1ms)[0m  begin transaction
  [1m[36m (0.3ms)[0m  [1mCREATE TABLE "todo_lists" ("id" INTEGER PRIMARY KEY AUTOINCREMENT NOT NULL, "title" varchar(255), "description" text, "created_at" datetime, "updated_at" datetime) [0m
  [1m[35mSQL (0.1ms)[0m  INSERT INTO "schema_migrations" ("version") VALUES (?)  [["version", "20131204224505"]]
  [1m[36m (0.9ms)[0m  [1mcommit transaction[0m
Migrating to CreateTodoItems (20131209232612)
  [1m[35m (0.0ms)[0m  begin transaction
  [1m[36m (0.3ms)[0m  [1mCREATE TABLE "todo_items" ("id" INTEGER PRIMARY KEY AUTOINCREMENT NOT NULL, "todo_list_id" integer, "content" varchar(255), "created_at" datetime, "updated_at" datetime) [0m
  [1m[35m (0.1ms)[0m  CREATE INDEX "index_todo_items_on_todo_list_id" ON "todo_items" ("todo_list_id")
  [1m[36mSQL (0.1ms)[0m  [1mINSERT INTO "schema_migrations" ("version") VALUES (?)[0m  [["version", "20131209232612"]]
  [1m[35m (1.0ms)[0m  commit transaction
Migrating to AddCompletedAtToTodoItems (20131211194851)
  [1m[36m (0.1ms)[0m  [1mbegin transaction[0m
  [1m[35m (0.3ms)[0m  ALTER TABLE "todo_items" ADD "completed_at" datetime
  [1m[36mSQL (0.1ms)[0m  [1mINSERT INTO "schema_migrations" ("version") VALUES (?)[0m  [["version", "20131211194851"]]
  [1m[35m (1.0ms)[0m  commit transaction
Migrating to CreateUsers (20140130223357)
  [1m[36m (0.1ms)[0m  [1mbegin transaction[0m
  [1m[35m (0.3ms)[0m  CREATE TABLE "users" ("id" INTEGER PRIMARY KEY AUTOINCREMENT NOT NULL, "first_name" varchar(255), "last_name" varchar(255), "email" varchar(255), "password_digest" varchar(255), "created_at" datetime, "updated_at" datetime) 
  [1m[36m (0.1ms)[0m  [1mCREATE INDEX "index_users_on_email" ON "users" ("email")[0m
  [1m[35mSQL (0.1ms)[0m  INSERT INTO "schema_migrations" ("version") VALUES (?)  [["version", "20140130223357"]]
  [1m[36m (1.3ms)[0m  [1mcommit transaction[0m
  [1m[35mActiveRecord::SchemaMigration Load (0.1ms)[0m  SELECT "schema_migrations".* FROM "schema_migrations"


Started GET "/" for 127.0.0.1 at 2014-09-22 12:33:23 -0500
  [1m[36mActiveRecord::SchemaMigration Load (0.1ms)[0m  [1mSELECT "schema_migrations".* FROM "schema_migrations"[0m
Processing by TodoListsController#index as HTML
  [1m[35mTodoList Load (0.1ms)[0m  SELECT "todo_lists".* FROM "todo_lists"
  Rendered todo_lists/index.html.erb within layouts/application (1.0ms)
Completed 200 OK in 802ms (Views: 779.3ms | ActiveRecord: 0.1ms)


Started GET "/assets/application.css?body=1" for 127.0.0.1 at 2014-09-22 12:33:24 -0500


Started GET "/assets/scaffolds.css?body=1" for 127.0.0.1 at 2014-09-22 12:33:24 -0500


Started GET "/assets/todo_items.css?body=1" for 127.0.0.1 at 2014-09-22 12:33:24 -0500


Started GET "/assets/jquery.js?body=1" for 127.0.0.1 at 2014-09-22 12:33:24 -0500


Started GET "/assets/todo_lists.css?body=1" for 127.0.0.1 at 2014-09-22 12:33:24 -0500


Started GET "/assets/jquery_ujs.js?body=1" for 127.0.0.1 at 2014-09-22 12:33:24 -0500


Started GET "/assets/turbolinks.js?body=1" for 127.0.0.1 at 2014-09-22 12:33:24 -0500


Started GET "/assets/todo_items.js?body=1" for 127.0.0.1 at 2014-09-22 12:33:24 -0500


Started GET "/assets/application.js?body=1" for 127.0.0.1 at 2014-09-22 12:33:24 -0500


Started GET "/assets/todo_lists.js?body=1" for 127.0.0.1 at 2014-09-22 12:33:24 -0500


Started GET "/todo_lists/new" for 127.0.0.1 at 2014-09-22 12:47:02 -0500
Processing by TodoListsController#new as HTML
  Rendered todo_lists/_form.html.erb (56.4ms)
  Rendered todo_lists/new.html.erb within layouts/application (117.6ms)
Completed 200 OK in 192ms (Views: 174.5ms | ActiveRecord: 16.3ms)


Started GET "/" for 127.0.0.1 at 2014-09-22 12:47:05 -0500
Processing by TodoListsController#index as HTML
  [1m[36mTodoList Load (0.1ms)[0m  [1mSELECT "todo_lists".* FROM "todo_lists"[0m
  Rendered todo_lists/index.html.erb within layouts/application (1.0ms)
Completed 200 OK in 5ms (Views: 4.6ms | ActiveRecord: 0.1ms)


Started GET "/" for 127.0.0.1 at 2014-11-06 19:48:42 -0600
  [1m[36mActiveRecord::SchemaMigration Load (0.7ms)[0m  [1mSELECT "schema_migrations".* FROM "schema_migrations"[0m
Processing by TodoListsController#index as HTML
  [1m[35mTodoList Load (0.6ms)[0m  SELECT "todo_lists".* FROM "todo_lists"
  Rendered todo_lists/index.html.erb within layouts/application (4.7ms)
Completed 200 OK in 128ms (Views: 106.8ms | ActiveRecord: 0.6ms)


Started GET "/assets/application.css?body=1" for 127.0.0.1 at 2014-11-06 19:48:43 -0600


Started GET "/assets/scaffolds.css?body=1" for 127.0.0.1 at 2014-11-06 19:48:43 -0600


Started GET "/assets/jquery.js?body=1" for 127.0.0.1 at 2014-11-06 19:48:43 -0600


Started GET "/assets/todo_items.css?body=1" for 127.0.0.1 at 2014-11-06 19:48:43 -0600


Started GET "/assets/todo_lists.css?body=1" for 127.0.0.1 at 2014-11-06 19:48:43 -0600


Started GET "/assets/jquery_ujs.js?body=1" for 127.0.0.1 at 2014-11-06 19:48:43 -0600


Started GET "/assets/turbolinks.js?body=1" for 127.0.0.1 at 2014-11-06 19:48:43 -0600


Started GET "/assets/todo_items.js?body=1" for 127.0.0.1 at 2014-11-06 19:48:43 -0600


Started GET "/assets/todo_lists.js?body=1" for 127.0.0.1 at 2014-11-06 19:48:43 -0600


Started GET "/assets/application.js?body=1" for 127.0.0.1 at 2014-11-06 19:48:43 -0600


Started GET "/todo_lists/new" for 127.0.0.1 at 2014-11-06 19:48:45 -0600
Processing by TodoListsController#new as HTML
  Rendered todo_lists/_form.html.erb (28.5ms)
  Rendered todo_lists/new.html.erb within layouts/application (34.5ms)
Completed 200 OK in 46ms (Views: 44.1ms | ActiveRecord: 0.4ms)


Started GET "/" for 127.0.0.1 at 2014-11-06 19:48:49 -0600
Processing by TodoListsController#index as HTML
  [1m[36mTodoList Load (0.2ms)[0m  [1mSELECT "todo_lists".* FROM "todo_lists"[0m
  Rendered todo_lists/index.html.erb within layouts/application (1.6ms)
Completed 200 OK in 17ms (Views: 16.0ms | ActiveRecord: 0.2ms)


Started GET "/todo_lists/new" for 127.0.0.1 at 2014-11-06 19:49:06 -0600
Processing by TodoListsController#new as HTML
  Rendered todo_lists/_form.html.erb (2.1ms)
  Rendered todo_lists/new.html.erb within layouts/application (3.3ms)
Completed 200 OK in 13ms (Views: 12.4ms | ActiveRecord: 0.0ms)


Started GET "/" for 127.0.0.1 at 2014-11-06 19:49:11 -0600
Processing by TodoListsController#index as HTML
  [1m[35mTodoList Load (0.1ms)[0m  SELECT "todo_lists".* FROM "todo_lists"
  Rendered todo_lists/index.html.erb within layouts/application (0.9ms)
Completed 200 OK in 12ms (Views: 10.9ms | ActiveRecord: 0.1ms)


Started GET "/todo_lists/new" for 127.0.0.1 at 2014-11-06 19:49:13 -0600
Processing by TodoListsController#new as HTML
  Rendered todo_lists/_form.html.erb (2.8ms)
  Rendered todo_lists/new.html.erb within layouts/application (4.3ms)
Completed 200 OK in 15ms (Views: 14.3ms | ActiveRecord: 0.0ms)


Started GET "/" for 127.0.0.1 at 2014-11-06 19:49:14 -0600
Processing by TodoListsController#index as HTML
  [1m[36mTodoList Load (0.2ms)[0m  [1mSELECT "todo_lists".* FROM "todo_lists"[0m
  Rendered todo_lists/index.html.erb within layouts/application (0.6ms)
Completed 200 OK in 10ms (Views: 9.0ms | ActiveRecord: 0.2ms)


Started GET "/todo_lists/new" for 127.0.0.1 at 2014-11-06 19:49:15 -0600
Processing by TodoListsController#new as HTML
  Rendered todo_lists/_form.html.erb (1.7ms)
  Rendered todo_lists/new.html.erb within layouts/application (2.7ms)
Completed 200 OK in 12ms (Views: 11.3ms | ActiveRecord: 0.0ms)


Started GET "/" for 127.0.0.1 at 2014-11-06 19:49:16 -0600
Processing by TodoListsController#index as HTML
  [1m[35mTodoList Load (0.1ms)[0m  SELECT "todo_lists".* FROM "todo_lists"
  Rendered todo_lists/index.html.erb within layouts/application (0.6ms)
Completed 200 OK in 13ms (Views: 12.3ms | ActiveRecord: 0.1ms)


Started GET "/todo_lists/new" for 127.0.0.1 at 2014-11-06 19:49:17 -0600
Processing by TodoListsController#new as HTML
  Rendered todo_lists/_form.html.erb (2.1ms)
  Rendered todo_lists/new.html.erb within layouts/application (3.0ms)
Completed 200 OK in 13ms (Views: 12.0ms | ActiveRecord: 0.0ms)


Started POST "/todo_lists" for 127.0.0.1 at 2014-11-06 19:49:21 -0600
Processing by TodoListsController#create as HTML
  Parameters: {"utf8"=>"✓", "authenticity_token"=>"uCI9lGsASOxTRrQ2tDorUT14EERqJVROBpBe3qxR44s=", "todo_list"=>{"title"=>"Lista 1", "description"=>""}, "commit"=>"Create Todo list"}
  [1m[36m (0.1ms)[0m  [1mbegin transaction[0m
  [1m[35m (0.1ms)[0m  rollback transaction
  Rendered todo_lists/_form.html.erb (4.0ms)
  Rendered todo_lists/new.html.erb within layouts/application (5.6ms)
Completed 200 OK in 18ms (Views: 13.5ms | ActiveRecord: 0.2ms)


Started POST "/todo_lists" for 127.0.0.1 at 2014-11-06 19:49:27 -0600
Processing by TodoListsController#create as HTML
  Parameters: {"utf8"=>"✓", "authenticity_token"=>"uCI9lGsASOxTRrQ2tDorUT14EERqJVROBpBe3qxR44s=", "todo_list"=>{"title"=>"Lista 1", "description"=>"bla\r\n"}, "commit"=>"Create Todo list"}
  [1m[36m (0.1ms)[0m  [1mbegin transaction[0m
  [1m[35mSQL (6.8ms)[0m  INSERT INTO "todo_lists" ("created_at", "description", "title", "updated_at") VALUES (?, ?, ?, ?)  [["created_at", Fri, 07 Nov 2014 01:49:27 UTC +00:00], ["description", "bla\r\n"], ["title", "Lista 1"], ["updated_at", Fri, 07 Nov 2014 01:49:27 UTC +00:00]]
  [1m[36m (0.8ms)[0m  [1mcommit transaction[0m
Redirected to http://localhost:3000/todo_lists/1
Completed 302 Found in 13ms (ActiveRecord: 7.7ms)


Started GET "/todo_lists/1" for 127.0.0.1 at 2014-11-06 19:49:27 -0600
Processing by TodoListsController#show as HTML
  Parameters: {"id"=>"1"}
  [1m[35mTodoList Load (0.2ms)[0m  SELECT "todo_lists".* FROM "todo_lists" WHERE "todo_lists"."id" = ? LIMIT 1  [["id", "1"]]
  [1m[36m (0.5ms)[0m  [1mSELECT COUNT(*) FROM "todo_items" WHERE "todo_items"."todo_list_id" = ? AND "todo_items"."completed_at" IS NULL[0m  [["todo_list_id", 1]]
  [1m[35m (0.2ms)[0m  SELECT COUNT(*) FROM "todo_items" WHERE "todo_items"."todo_list_id" = ? AND (completed_at is not null)  [["todo_list_id", 1]]
  Rendered todo_lists/show.html.erb within layouts/application (41.4ms)
Completed 200 OK in 56ms (Views: 51.8ms | ActiveRecord: 1.4ms)


Started GET "/todo_lists" for 127.0.0.1 at 2014-11-06 19:49:31 -0600
Processing by TodoListsController#index as HTML
  [1m[36mTodoList Load (0.2ms)[0m  [1mSELECT "todo_lists".* FROM "todo_lists"[0m
  Rendered todo_lists/index.html.erb within layouts/application (1.6ms)
Completed 200 OK in 11ms (Views: 10.3ms | ActiveRecord: 0.2ms)


Started GET "/todo_lists/1/todo_items" for 127.0.0.1 at 2014-11-06 19:49:34 -0600
Processing by TodoItemsController#index as HTML
  Parameters: {"todo_list_id"=>"1"}
  [1m[35mTodoList Load (0.2ms)[0m  SELECT "todo_lists".* FROM "todo_lists" WHERE "todo_lists"."id" = ? LIMIT 1  [["id", "1"]]
  [1m[36mTodoItem Load (0.2ms)[0m  [1mSELECT "todo_items".* FROM "todo_items" WHERE "todo_items"."todo_list_id" = ?[0m  [["todo_list_id", 1]]
  Rendered todo_items/index.html.erb within layouts/application (2.6ms)
Completed 200 OK in 18ms (Views: 15.8ms | ActiveRecord: 0.4ms)


Started GET "/todo_lists/1/todo_items/new" for 127.0.0.1 at 2014-11-06 19:49:36 -0600
Processing by TodoItemsController#new as HTML
  Parameters: {"todo_list_id"=>"1"}
  [1m[35mTodoList Load (0.1ms)[0m  SELECT "todo_lists".* FROM "todo_lists" WHERE "todo_lists"."id" = ? LIMIT 1  [["id", "1"]]
  Rendered todo_items/_form.html.erb (1.9ms)
  Rendered todo_items/new.html.erb within layouts/application (7.4ms)
Completed 200 OK in 23ms (Views: 17.3ms | ActiveRecord: 0.1ms)


Started POST "/todo_lists/1/todo_items" for 127.0.0.1 at 2014-11-06 19:49:44 -0600
Processing by TodoItemsController#create as HTML
  Parameters: {"utf8"=>"✓", "authenticity_token"=>"uCI9lGsASOxTRrQ2tDorUT14EERqJVROBpBe3qxR44s=", "todo_item"=>{"content"=>"litem"}, "commit"=>"Save", "todo_list_id"=>"1"}
  [1m[36mTodoList Load (0.2ms)[0m  [1mSELECT "todo_lists".* FROM "todo_lists" WHERE "todo_lists"."id" = ? LIMIT 1[0m  [["id", "1"]]
  [1m[35m (0.3ms)[0m  begin transaction
  [1m[36mSQL (0.7ms)[0m  [1mINSERT INTO "todo_items" ("content", "created_at", "todo_list_id", "updated_at") VALUES (?, ?, ?, ?)[0m  [["content", "litem"], ["created_at", Fri, 07 Nov 2014 01:49:44 UTC +00:00], ["todo_list_id", 1], ["updated_at", Fri, 07 Nov 2014 01:49:44 UTC +00:00]]
  [1m[35m (0.9ms)[0m  commit transaction
Redirected to http://localhost:3000/todo_lists/1/todo_items
Completed 302 Found in 9ms (ActiveRecord: 2.1ms)


Started GET "/todo_lists/1/todo_items" for 127.0.0.1 at 2014-11-06 19:49:44 -0600
Processing by TodoItemsController#index as HTML
  Parameters: {"todo_list_id"=>"1"}
  [1m[36mTodoList Load (0.3ms)[0m  [1mSELECT "todo_lists".* FROM "todo_lists" WHERE "todo_lists"."id" = ? LIMIT 1[0m  [["id", "1"]]
  [1m[35mTodoItem Load (0.2ms)[0m  SELECT "todo_items".* FROM "todo_items" WHERE "todo_items"."todo_list_id" = ?  [["todo_list_id", 1]]
  Rendered todo_items/index.html.erb within layouts/application (4.2ms)
Completed 200 OK in 17ms (Views: 14.3ms | ActiveRecord: 0.5ms)


Started DELETE "/todo_lists/1/todo_items/1" for 127.0.0.1 at 2014-11-06 19:49:51 -0600
Processing by TodoItemsController#destroy as HTML
  Parameters: {"authenticity_token"=>"uCI9lGsASOxTRrQ2tDorUT14EERqJVROBpBe3qxR44s=", "todo_list_id"=>"1", "id"=>"1"}
  [1m[36mTodoList Load (0.1ms)[0m  [1mSELECT "todo_lists".* FROM "todo_lists" WHERE "todo_lists"."id" = ? LIMIT 1[0m  [["id", "1"]]
  [1m[35mTodoItem Load (0.2ms)[0m  SELECT "todo_items".* FROM "todo_items" WHERE "todo_items"."todo_list_id" = ? AND "todo_items"."id" = ? LIMIT 1  [["todo_list_id", 1], ["id", "1"]]
  [1m[36m (0.1ms)[0m  [1mbegin transaction[0m
  [1m[35mSQL (0.3ms)[0m  DELETE FROM "todo_items" WHERE "todo_items"."id" = ?  [["id", 1]]
  [1m[36m (1.0ms)[0m  [1mcommit transaction[0m
Redirected to http://localhost:3000/todo_lists/1/todo_items
Completed 302 Found in 7ms (ActiveRecord: 1.8ms)


Started GET "/todo_lists/1/todo_items" for 127.0.0.1 at 2014-11-06 19:49:51 -0600
Processing by TodoItemsController#index as HTML
  Parameters: {"todo_list_id"=>"1"}
  [1m[35mTodoList Load (0.2ms)[0m  SELECT "todo_lists".* FROM "todo_lists" WHERE "todo_lists"."id" = ? LIMIT 1  [["id", "1"]]
  [1m[36mTodoItem Load (0.2ms)[0m  [1mSELECT "todo_items".* FROM "todo_items" WHERE "todo_items"."todo_list_id" = ?[0m  [["todo_list_id", 1]]
  Rendered todo_items/index.html.erb within layouts/application (1.7ms)
Completed 200 OK in 13ms (Views: 11.2ms | ActiveRecord: 0.4ms)


Started GET "/todo_lists/1/todo_items/new" for 127.0.0.1 at 2014-11-06 19:49:53 -0600
Processing by TodoItemsController#new as HTML
  Parameters: {"todo_list_id"=>"1"}
  [1m[35mTodoList Load (0.1ms)[0m  SELECT "todo_lists".* FROM "todo_lists" WHERE "todo_lists"."id" = ? LIMIT 1  [["id", "1"]]
  Rendered todo_items/_form.html.erb (0.6ms)
  Rendered todo_items/new.html.erb within layouts/application (2.1ms)
Completed 200 OK in 12ms (Views: 10.0ms | ActiveRecord: 0.1ms)


Started GET "/" for 127.0.0.1 at 2014-11-06 19:49:54 -0600
Processing by TodoListsController#index as HTML
  [1m[36mTodoList Load (0.3ms)[0m  [1mSELECT "todo_lists".* FROM "todo_lists"[0m
  Rendered todo_lists/index.html.erb within layouts/application (2.4ms)
Completed 200 OK in 16ms (Views: 14.6ms | ActiveRecord: 0.3ms)
